07:36:41.608 [main] INFO  cn.huan.t_store.TStoreApplication - Starting TStoreApplication on DESKTOP-PVGLPV6 with PID 5332 (G:\idea_workplace\t_store\target\classes started by My Computer in G:\idea_workplace\t_store)
07:36:41.615 [main] INFO  cn.huan.t_store.TStoreApplication - No active profile set, falling back to default profiles: default
07:36:46.056 [main] INFO  o.s.b.w.e.tomcat.TomcatWebServer - Tomcat initialized with port(s): 9011 (http)
07:36:46.085 [main] INFO  o.a.coyote.http11.Http11NioProtocol - Initializing ProtocolHandler ["http-nio-9011"]
07:36:46.105 [main] INFO  o.a.catalina.core.StandardService - Starting service [Tomcat]
07:36:46.105 [main] INFO  o.a.catalina.core.StandardEngine - Starting Servlet engine: [Apache Tomcat/9.0.34]
07:36:46.474 [main] INFO  o.a.c.c.C.[Tomcat].[localhost].[/] - Initializing Spring embedded WebApplicationContext
07:36:46.475 [main] INFO  o.s.web.context.ContextLoader - Root WebApplicationContext: initialization completed in 4670 ms
07:36:48.858 [main] INFO  o.s.s.c.ThreadPoolTaskExecutor - Initializing ExecutorService 'applicationTaskExecutor'
07:36:49.082 [main] INFO  o.s.b.a.w.s.WelcomePageHandlerMapping - Adding welcome page: class path resource [static/index.html]
07:36:49.640 [main] INFO  o.s.s.c.ThreadPoolTaskScheduler - Initializing ExecutorService 'taskScheduler'
07:36:49.801 [main] INFO  o.a.coyote.http11.Http11NioProtocol - Starting ProtocolHandler ["http-nio-9011"]
07:36:49.851 [main] INFO  o.s.b.w.e.tomcat.TomcatWebServer - Tomcat started on port(s): 9011 (http) with context path ''
07:36:49.858 [main] INFO  cn.huan.t_store.TStoreApplication - Started TStoreApplication in 10.172 seconds (JVM running for 13.275)
07:37:06.940 [http-nio-9011-exec-1] INFO  o.a.c.c.C.[Tomcat].[localhost].[/] - Initializing Spring DispatcherServlet 'dispatcherServlet'
07:37:06.941 [http-nio-9011-exec-1] INFO  o.s.web.servlet.DispatcherServlet - Initializing Servlet 'dispatcherServlet'
07:37:06.959 [http-nio-9011-exec-1] INFO  o.s.web.servlet.DispatcherServlet - Completed initialization in 18 ms
07:37:07.240 [http-nio-9011-exec-1] INFO  com.zaxxer.hikari.HikariDataSource - HikariPool-1 - Starting...
07:37:07.566 [http-nio-9011-exec-1] INFO  com.zaxxer.hikari.HikariDataSource - HikariPool-1 - Start completed.
07:37:07.692 [http-nio-9011-exec-1] INFO  c.h.t.controller.UserController - 登录成功,user{}User{uid=1, username='root', password='null', salt='null', phone='null', email='null', gender=null, avatar='/upload/2020113012200849167069287200.jpg', isDelete=null}
07:37:07.692 [http-nio-9011-exec-1] ERROR c.h.t.controller.UserController - 登录成功,user{}User{uid=1, username='root', password='null', salt='null', phone='null', email='null', gender=null, avatar='/upload/2020113012200849167069287200.jpg', isDelete=null}
